<?xml version="1.0" encoding="UTF-8"?>
<!-- Generated by org.testng.reporters.JUnitReportReporter -->
<testsuite hostname="DESKTOP-861PKDG" failures="0" tests="1" name="com.Infosys.MyMaven.MyMavenProject.FirstTestClassWithTestNGAnnotation" time="0.006" errors="0" timestamp="2021-08-03T10:25:36 CDT" skipped="0">
  <testcase classname="com.Infosys.MyMaven.MyMavenProject.FirstTestClassWithTestNGAnnotation" name="stringCompareTest1" time="0.006"/>
  <system-out/>
</testsuite> <!-- com.Infosys.MyMaven.MyMavenProject.FirstTestClassWithTestNGAnnotation -->
